<?xml version="1.0" encoding="UTF-8"?>
<testng-results skipped="0" failed="0" ignored="0" total="1" passed="1">
  <reporter-output>
  </reporter-output>
  <suite name="Suite" duration-ms="22747" started-at="2018-10-26T11:51:05Z" finished-at="2018-10-26T11:51:28Z">
    <groups>
    </groups>
    <test name="Test" duration-ms="22747" started-at="2018-10-26T11:51:05Z" finished-at="2018-10-26T11:51:28Z">
      <class name="way2smstests.Way2smstestng">
        <test-method status="PASS" signature="launch()[pri:0, instance:way2smstests.Way2smstestng@c038203]" name="launch" is-config="true" duration-ms="6695" started-at="2018-10-26T11:51:05Z" finished-at="2018-10-26T11:51:12Z">
          <reporter-output>
          </reporter-output>
        </test-method> <!-- launch -->
        <test-method status="PASS" signature="login(java.lang.String, java.lang.String, java.lang.String, java.lang.String)[pri:0, instance:way2smstests.Way2smstestng@c038203]" name="login" duration-ms="13894" started-at="2018-10-26T11:51:12Z" finished-at="2018-10-26T11:51:25Z">
          <params>
            <param index="0">
              <value>
                <![CDATA[8341111338]]>
              </value>
            </param>
            <param index="1">
              <value>
                <![CDATA[E2832M]]>
              </value>
            </param>
            <param index="2">
              <value>
                <![CDATA[8790118735]]>
              </value>
            </param>
            <param index="3">
              <value>
                <![CDATA[hai]]>
              </value>
            </param>
          </params>
          <reporter-output>
          </reporter-output>
        </test-method> <!-- login -->
        <test-method status="PASS" signature="close()[pri:0, instance:way2smstests.Way2smstestng@c038203]" name="close" is-config="true" duration-ms="2127" started-at="2018-10-26T11:51:25Z" finished-at="2018-10-26T11:51:28Z">
          <reporter-output>
          </reporter-output>
        </test-method> <!-- close -->
      </class> <!-- way2smstests.Way2smstestng -->
    </test> <!-- Test -->
  </suite> <!-- Suite -->
</testng-results>
