<?xml version="1.0" encoding="UTF-8"?>
<testng-results skipped="0" failed="0" ignored="0" total="2" passed="2">
  <reporter-output>
  </reporter-output>
  <suite name="Default suite" duration-ms="54365" started-at="2018-10-26T18:25:47Z" finished-at="2018-10-26T18:26:41Z">
    <groups>
    </groups>
    <test name="Default test" duration-ms="54365" started-at="2018-10-26T18:25:47Z" finished-at="2018-10-26T18:26:41Z">
      <class name="krishnew.Testngwithpom">
        <test-method status="PASS" signature="Preeti()[pri:0, instance:krishnew.Testngwithpom@6767c1fc]" name="Preeti" is-config="true" duration-ms="10" started-at="2018-10-26T18:25:47Z" finished-at="2018-10-26T18:25:47Z">
          <reporter-output>
          </reporter-output>
        </test-method> <!-- Preeti -->
        <test-method status="PASS" signature="launch()[pri:0, instance:krishnew.Testngwithpom@6767c1fc]" name="launch" duration-ms="42345" started-at="2018-10-26T18:25:47Z" finished-at="2018-10-26T18:26:29Z">
          <reporter-output>
          </reporter-output>
        </test-method> <!-- launch -->
        <test-method status="PASS" signature="Login(java.lang.String, java.lang.String, java.lang.String, java.lang.String)[pri:1, instance:krishnew.Testngwithpom@6767c1fc]" name="Login" duration-ms="9623" started-at="2018-10-26T18:26:29Z" data-provider="way2sms" finished-at="2018-10-26T18:26:39Z">
          <params>
            <param index="0">
              <value>
                <![CDATA[8668218023]]>
              </value>
            </param>
            <param index="1">
              <value>
                <![CDATA[Preeti123]]>
              </value>
            </param>
            <param index="2">
              <value>
                <![CDATA[8341111338]]>
              </value>
            </param>
            <param index="3">
              <value>
                <![CDATA[lv u soo much krish]]>
              </value>
            </param>
          </params>
          <reporter-output>
          </reporter-output>
        </test-method> <!-- Login -->
        <test-method status="PASS" signature="close()[pri:0, instance:krishnew.Testngwithpom@6767c1fc]" name="close" is-config="true" duration-ms="2324" started-at="2018-10-26T18:26:39Z" finished-at="2018-10-26T18:26:41Z">
          <reporter-output>
          </reporter-output>
        </test-method> <!-- close -->
      </class> <!-- krishnew.Testngwithpom -->
    </test> <!-- Default test -->
  </suite> <!-- Default suite -->
</testng-results>
