<?xml version="1.0" encoding="UTF-8"?>
<testng-results skipped="0" failed="0" ignored="0" total="3" passed="3">
  <reporter-output>
  </reporter-output>
  <suite name="Default suite" duration-ms="129627" started-at="2018-10-01T16:11:24Z" finished-at="2018-10-01T16:13:33Z">
    <groups>
    </groups>
    <test name="Default test" duration-ms="129627" started-at="2018-10-01T16:11:24Z" finished-at="2018-10-01T16:13:33Z">
      <class name="daddy.Testng2">
        <test-method status="PASS" signature="Launch()[pri:0, instance:daddy.Testng2@1593948d]" name="Launch" is-config="true" duration-ms="37114" started-at="2018-10-01T16:11:24Z" finished-at="2018-10-01T16:12:01Z">
          <reporter-output>
          </reporter-output>
        </test-method> <!-- Launch -->
        <test-method status="PASS" signature="search(java.lang.String)[pri:0, instance:daddy.Testng2@1593948d]" name="search" duration-ms="18296" started-at="2018-10-01T16:12:01Z" data-provider="search word" finished-at="2018-10-01T16:12:19Z">
          <params>
            <param index="0">
              <value>
                <![CDATA[messi]]>
              </value>
            </param>
          </params>
          <reporter-output>
          </reporter-output>
        </test-method> <!-- search -->
        <test-method status="PASS" signature="close()[pri:0, instance:daddy.Testng2@1593948d]" name="close" is-config="true" duration-ms="2127" started-at="2018-10-01T16:12:19Z" finished-at="2018-10-01T16:12:21Z">
          <reporter-output>
          </reporter-output>
        </test-method> <!-- close -->
        <test-method status="PASS" signature="Launch()[pri:0, instance:daddy.Testng2@1593948d]" name="Launch" is-config="true" duration-ms="11265" started-at="2018-10-01T16:12:21Z" finished-at="2018-10-01T16:12:33Z">
          <reporter-output>
          </reporter-output>
        </test-method> <!-- Launch -->
        <test-method status="PASS" signature="search(java.lang.String)[pri:0, instance:daddy.Testng2@1593948d]" name="search" duration-ms="9120" started-at="2018-10-01T16:12:33Z" data-provider="search word" finished-at="2018-10-01T16:12:42Z">
          <params>
            <param index="0">
              <value>
                <![CDATA[pelle]]>
              </value>
            </param>
          </params>
          <reporter-output>
          </reporter-output>
        </test-method> <!-- search -->
        <test-method status="PASS" signature="close()[pri:0, instance:daddy.Testng2@1593948d]" name="close" is-config="true" duration-ms="2106" started-at="2018-10-01T16:12:42Z" finished-at="2018-10-01T16:12:44Z">
          <reporter-output>
          </reporter-output>
        </test-method> <!-- close -->
        <test-method status="PASS" signature="Launch()[pri:0, instance:daddy.Testng2@1593948d]" name="Launch" is-config="true" duration-ms="26579" started-at="2018-10-01T16:12:44Z" finished-at="2018-10-01T16:13:11Z">
          <reporter-output>
          </reporter-output>
        </test-method> <!-- Launch -->
        <test-method status="PASS" signature="search(java.lang.String)[pri:0, instance:daddy.Testng2@1593948d]" name="search" duration-ms="20850" started-at="2018-10-01T16:13:11Z" data-provider="search word" finished-at="2018-10-01T16:13:31Z">
          <params>
            <param index="0">
              <value>
                <![CDATA[ronaldo]]>
              </value>
            </param>
          </params>
          <reporter-output>
          </reporter-output>
        </test-method> <!-- search -->
        <test-method status="PASS" signature="close()[pri:0, instance:daddy.Testng2@1593948d]" name="close" is-config="true" duration-ms="2117" started-at="2018-10-01T16:13:31Z" finished-at="2018-10-01T16:13:33Z">
          <reporter-output>
          </reporter-output>
        </test-method> <!-- close -->
      </class> <!-- daddy.Testng2 -->
    </test> <!-- Default test -->
  </suite> <!-- Default suite -->
</testng-results>
